This file contains any messages produced by compilers while
running configure, to aid debugging if configure makes a mistake.

It was created by Simple ATI Force Sensor Test Program configure 0.1, which was
generated by GNU Autoconf 2.64.  Invocation command line was

  $ ./configure --prefix=/usr

## --------- ##
## Platform. ##
## --------- ##

hostname = david-desktop
uname -m = i686
uname -r = 2.6.31-22-generic
uname -s = Linux
uname -v = #70-Ubuntu SMP Wed Dec 1 23:51:13 UTC 2010

/usr/bin/uname -p = unknown
/bin/uname -X     = unknown

/bin/arch              = unknown
/usr/bin/arch -k       = unknown
/usr/convex/getsysinfo = unknown
/usr/bin/hostinfo      = unknown
/bin/machine           = unknown
/usr/bin/oslevel       = unknown
/bin/universe          = unknown

PATH: /usr/local/sbin
PATH: /usr/local/bin
PATH: /usr/sbin
PATH: /usr/bin
PATH: /sbin
PATH: /bin
PATH: /usr/games


## ----------- ##
## Core tests. ##
## ----------- ##

configure:1803: checking for a BSD-compatible install
configure:1871: result: /usr/bin/install -c
configure:1882: checking whether build environment is sane
configure:1932: result: yes
configure:2073: checking for a thread-safe mkdir -p
configure:2112: result: /bin/mkdir -p
configure:2125: checking for gawk
configure:2141: found /usr/bin/gawk
configure:2152: result: gawk
configure:2163: checking whether make sets $(MAKE)
configure:2185: result: yes
configure:2318: checking for pkg-config
configure:2336: found /usr/bin/pkg-config
configure:2348: result: /usr/bin/pkg-config
configure:2373: checking pkg-config is at least version 0.9.0
configure:2376: result: yes
configure:2387: checking for ATIFT
configure:2395: $PKG_CONFIG --exists --print-errors "atift-0.1 >= 0.1.0"
configure:2398: $? = 0
configure:2413: $PKG_CONFIG --exists --print-errors "atift-0.1 >= 0.1.0"
configure:2416: $? = 0
configure:2471: result: yes
configure:2477: checking for COMEDI
configure:2485: $PKG_CONFIG --exists --print-errors "comedilib >= 0.7.22"
configure:2488: $? = 0
configure:2503: $PKG_CONFIG --exists --print-errors "comedilib >= 0.7.22"
configure:2506: $? = 0
configure:2561: result: yes
configure:2618: checking for gcc
configure:2634: found /usr/bin/gcc
configure:2645: result: gcc
configure:2874: checking for C compiler version
configure:2883: gcc --version >&5
gcc (Ubuntu 4.4.1-4ubuntu9) 4.4.1
Copyright (C) 2009 Free Software Foundation, Inc.
This is free software; see the source for copying conditions.  There is NO
warranty; not even for MERCHANTABILITY or FITNESS FOR A PARTICULAR PURPOSE.

configure:2894: $? = 0
configure:2883: gcc -v >&5
Using built-in specs.
Target: i486-linux-gnu
Configured with: ../src/configure -v --with-pkgversion='Ubuntu 4.4.1-4ubuntu9' --with-bugurl=file:///usr/share/doc/gcc-4.4/README.Bugs --enable-languages=c,c++,fortran,objc,obj-c++ --prefix=/usr --enable-shared --enable-multiarch --enable-linker-build-id --with-system-zlib --libexecdir=/usr/lib --without-included-gettext --enable-threads=posix --with-gxx-include-dir=/usr/include/c++/4.4 --program-suffix=-4.4 --enable-nls --enable-clocale=gnu --enable-libstdcxx-debug --enable-objc-gc --enable-targets=all --disable-werror --with-arch-32=i486 --with-tune=generic --enable-checking=release --build=i486-linux-gnu --host=i486-linux-gnu --target=i486-linux-gnu
Thread model: posix
gcc version 4.4.1 (Ubuntu 4.4.1-4ubuntu9) 
configure:2894: $? = 0
configure:2883: gcc -V >&5
gcc: '-V' option must have argument
configure:2894: $? = 1
configure:2883: gcc -qversion >&5
gcc: unrecognized option '-qversion'
gcc: no input files
configure:2894: $? = 1
configure:2916: checking for C compiler default output file name
configure:2938: gcc    conftest.c  >&5
configure:2942: $? = 0
configure:2979: result: a.out
configure:2995: checking whether the C compiler works
configure:3004: ./a.out
configure:3008: $? = 0
configure:3023: result: yes
configure:3030: checking whether we are cross compiling
configure:3032: result: no
configure:3035: checking for suffix of executables
configure:3042: gcc -o conftest    conftest.c  >&5
configure:3046: $? = 0
configure:3068: result: 
configure:3074: checking for suffix of object files
configure:3096: gcc -c   conftest.c >&5
configure:3100: $? = 0
configure:3121: result: o
configure:3125: checking whether we are using the GNU C compiler
configure:3144: gcc -c   conftest.c >&5
configure:3144: $? = 0
configure:3153: result: yes
configure:3162: checking whether gcc accepts -g
configure:3182: gcc -c -g  conftest.c >&5
configure:3182: $? = 0
configure:3223: result: yes
configure:3240: checking for gcc option to accept ISO C89
configure:3304: gcc  -c -g -O2  conftest.c >&5
configure:3304: $? = 0
configure:3317: result: none needed
configure:3348: checking for style of include used by make
configure:3376: result: GNU
configure:3401: checking dependency style of gcc
configure:3511: result: gcc3
configure:3681: creating ./config.status

## ---------------------- ##
## Running config.status. ##
## ---------------------- ##

This file was extended by Simple ATI Force Sensor Test Program config.status 0.1, which was
generated by GNU Autoconf 2.64.  Invocation command line was

  CONFIG_FILES    = 
  CONFIG_HEADERS  = 
  CONFIG_LINKS    = 
  CONFIG_COMMANDS = 
  $ ./config.status 

on david-desktop

config.status:772: creating Makefile
config.status:935: executing depfiles commands

## ---------------- ##
## Cache variables. ##
## ---------------- ##

ac_cv_c_compiler_gnu=yes
ac_cv_env_ATIFT_CFLAGS_set=
ac_cv_env_ATIFT_CFLAGS_value=
ac_cv_env_ATIFT_LIBS_set=
ac_cv_env_ATIFT_LIBS_value=
ac_cv_env_CC_set=
ac_cv_env_CC_value=
ac_cv_env_CFLAGS_set=
ac_cv_env_CFLAGS_value=
ac_cv_env_COMEDI_CFLAGS_set=
ac_cv_env_COMEDI_CFLAGS_value=
ac_cv_env_COMEDI_LIBS_set=
ac_cv_env_COMEDI_LIBS_value=
ac_cv_env_CPPFLAGS_set=
ac_cv_env_CPPFLAGS_value=
ac_cv_env_LDFLAGS_set=
ac_cv_env_LDFLAGS_value=
ac_cv_env_LIBS_set=
ac_cv_env_LIBS_value=
ac_cv_env_PKG_CONFIG_set=
ac_cv_env_PKG_CONFIG_value=
ac_cv_env_build_alias_set=
ac_cv_env_build_alias_value=
ac_cv_env_host_alias_set=
ac_cv_env_host_alias_value=
ac_cv_env_target_alias_set=
ac_cv_env_target_alias_value=
ac_cv_objext=o
ac_cv_path_ac_pt_PKG_CONFIG=/usr/bin/pkg-config
ac_cv_path_install='/usr/bin/install -c'
ac_cv_path_mkdir=/bin/mkdir
ac_cv_prog_AWK=gawk
ac_cv_prog_ac_ct_CC=gcc
ac_cv_prog_cc_c89=
ac_cv_prog_cc_g=yes
ac_cv_prog_make_make_set=yes
am_cv_CC_dependencies_compiler_type=gcc3
pkg_cv_ATIFT_CFLAGS='-I/usr/include/atift-0.1  '
pkg_cv_ATIFT_LIBS='-lm -latift-0.1  '
pkg_cv_COMEDI_CFLAGS='-I/usr/local/include  '
pkg_cv_COMEDI_LIBS='-L/usr/local/lib -lcomedi -lm  '

## ----------------- ##
## Output variables. ##
## ----------------- ##

ACLOCAL='${SHELL} /home/david/ATI/MyPrograms/SimpleForceReading/missing --run aclocal-1.11'
AMDEPBACKSLASH='\'
AMDEP_FALSE='#'
AMDEP_TRUE=''
AMTAR='${SHELL} /home/david/ATI/MyPrograms/SimpleForceReading/missing --run tar'
ATIFT_CFLAGS='-I/usr/include/atift-0.1  '
ATIFT_LIBS='-lm -latift-0.1  '
AUTOCONF='${SHELL} /home/david/ATI/MyPrograms/SimpleForceReading/missing --run autoconf'
AUTOHEADER='${SHELL} /home/david/ATI/MyPrograms/SimpleForceReading/missing --run autoheader'
AUTOMAKE='${SHELL} /home/david/ATI/MyPrograms/SimpleForceReading/missing --run automake-1.11'
AWK='gawk'
CC='gcc'
CCDEPMODE='depmode=gcc3'
CFLAGS='-g -O2'
COMEDI_CFLAGS='-I/usr/local/include  '
COMEDI_LIBS='-L/usr/local/lib -lcomedi -lm  '
CPPFLAGS=''
CYGPATH_W='echo'
DEFS='-DPACKAGE_NAME=\"Simple\ ATI\ Force\ Sensor\ Test\ Program\" -DPACKAGE_TARNAME=\"simple-ati-force-sensor-test-program\" -DPACKAGE_VERSION=\"0.1\" -DPACKAGE_STRING=\"Simple\ ATI\ Force\ Sensor\ Test\ Program\ 0.1\" -DPACKAGE_BUGREPORT=\"\" -DPACKAGE_URL=\"\" -DPACKAGE=\"simple-ati-force-sensor-test-program\" -DVERSION=\"0.1\"'
DEPDIR='.deps'
ECHO_C=''
ECHO_N='-n'
ECHO_T=''
EXEEXT=''
INSTALL_DATA='${INSTALL} -m 644'
INSTALL_PROGRAM='${INSTALL}'
INSTALL_SCRIPT='${INSTALL}'
INSTALL_STRIP_PROGRAM='$(install_sh) -c -s'
LDFLAGS=''
LIBOBJS=''
LIBS=''
LTLIBOBJS=''
MAKEINFO='${SHELL} /home/david/ATI/MyPrograms/SimpleForceReading/missing --run makeinfo'
MKDIR_P='/bin/mkdir -p'
OBJEXT='o'
PACKAGE='simple-ati-force-sensor-test-program'
PACKAGE_BUGREPORT=''
PACKAGE_NAME='Simple ATI Force Sensor Test Program'
PACKAGE_STRING='Simple ATI Force Sensor Test Program 0.1'
PACKAGE_TARNAME='simple-ati-force-sensor-test-program'
PACKAGE_URL=''
PACKAGE_VERSION='0.1'
PATH_SEPARATOR=':'
PKG_CONFIG='/usr/bin/pkg-config'
SET_MAKE=''
SHELL='/bin/bash'
STRIP=''
VERSION='0.1'
ac_ct_CC='gcc'
am__EXEEXT_FALSE=''
am__EXEEXT_TRUE='#'
am__fastdepCC_FALSE='#'
am__fastdepCC_TRUE=''
am__include='include'
am__isrc=''
am__leading_dot='.'
am__quote=''
am__tar='${AMTAR} chof - "$$tardir"'
am__untar='${AMTAR} xf -'
bindir='${exec_prefix}/bin'
build_alias=''
datadir='${datarootdir}'
datarootdir='${prefix}/share'
docdir='${datarootdir}/doc/${PACKAGE_TARNAME}'
dvidir='${docdir}'
exec_prefix='${prefix}'
host_alias=''
htmldir='${docdir}'
includedir='${prefix}/include'
infodir='${datarootdir}/info'
install_sh='${SHELL} /home/david/ATI/MyPrograms/SimpleForceReading/install-sh'
libdir='${exec_prefix}/lib'
libexecdir='${exec_prefix}/libexec'
localedir='${datarootdir}/locale'
localstatedir='${prefix}/var'
mandir='${datarootdir}/man'
mkdir_p='/bin/mkdir -p'
oldincludedir='/usr/include'
pdfdir='${docdir}'
prefix='/usr'
program_transform_name='s,x,x,'
psdir='${docdir}'
sbindir='${exec_prefix}/sbin'
sharedstatedir='${prefix}/com'
sysconfdir='${prefix}/etc'
target_alias=''

## ----------- ##
## confdefs.h. ##
## ----------- ##

/* confdefs.h */
#define PACKAGE_NAME "Simple ATI Force Sensor Test Program"
#define PACKAGE_TARNAME "simple-ati-force-sensor-test-program"
#define PACKAGE_VERSION "0.1"
#define PACKAGE_STRING "Simple ATI Force Sensor Test Program 0.1"
#define PACKAGE_BUGREPORT ""
#define PACKAGE_URL ""
#define PACKAGE "simple-ati-force-sensor-test-program"
#define VERSION "0.1"

configure: exit 0
